<?xml version="1.0" encoding="UTF-8"?>
<!-- Generated by org.testng.reporters.JUnitReportReporter -->
<testsuite hostname="qedge-PC" name="hrm.login" tests="1" failures="0" timestamp="21 Dec 2015 10:43:45 GMT" time="19.427" errors="0">
  <testcase name="LoginTest" time="19.427" classname="hrm.login"/>
</testsuite> <!-- hrm.login -->
